[debug] [2026-02-26T14:24:20.689Z] ----------------------------------------------------------------------
[debug] [2026-02-26T14:24:20.692Z] Command:       /nix/store/ws50yvm6vzlzf7jzz6n7xh4szddrack1-nodejs-20.19.1/bin/node /nix/store/gm9mcvzb17vv8cla08khrg29vxn3sq4r-firebase-tools-15.1.0/lib/node_modules/firebase-tools/lib/bin/firebase.js deploy --only hosting --project=happinich --non-interactive
[debug] [2026-02-26T14:24:20.693Z] CLI Version:   15.1.0
[debug] [2026-02-26T14:24:20.693Z] Platform:      linux
[debug] [2026-02-26T14:24:20.693Z] Node Version:  v20.19.1
[debug] [2026-02-26T14:24:20.693Z] Time:          Thu Feb 26 2026 14:24:20 GMT+0000 (Coordinated Universal Time)
[debug] [2026-02-26T14:24:20.693Z] ----------------------------------------------------------------------
[debug] 
[debug] [2026-02-26T14:24:23.363Z] > command requires scopes: ["email","openid","https://www.googleapis.com/auth/cloudplatformprojects.readonly","https://www.googleapis.com/auth/firebase","https://www.googleapis.com/auth/cloud-platform","https://www.googleapis.com/auth/userinfo.email"]
[debug] [2026-02-26T14:24:23.364Z] > authorizing via signed-in user (wellga88@gmail.com)
[debug] [2026-02-26T14:24:23.364Z] [iam] checking project happinich for permissions ["firebase.projects.get","firebasehosting.sites.update"]
[debug] [2026-02-26T14:24:23.366Z] No OAuth tokens found
[debug] [2026-02-26T14:24:23.367Z] No OAuth tokens found
[debug] [2026-02-26T14:24:23.367Z] > command requires scopes: ["email","openid","https://www.googleapis.com/auth/cloudplatformprojects.readonly","https://www.googleapis.com/auth/firebase","https://www.googleapis.com/auth/cloud-platform","https://www.googleapis.com/auth/userinfo.email"]
[debug] [2026-02-26T14:24:23.367Z] > authorizing via signed-in user (wellga88@gmail.com)
[debug] [2026-02-26T14:24:23.370Z] >>> [apiv2][query] POST https://cloudresourcemanager.googleapis.com/v1/projects/happinich:testIamPermissions [none]
[debug] [2026-02-26T14:24:23.370Z] >>> [apiv2][(partial)header] POST https://cloudresourcemanager.googleapis.com/v1/projects/happinich:testIamPermissions x-goog-quota-user=projects/happinich
[debug] [2026-02-26T14:24:23.370Z] >>> [apiv2][body] POST https://cloudresourcemanager.googleapis.com/v1/projects/happinich:testIamPermissions {"permissions":["firebase.projects.get","firebasehosting.sites.update"]}
[debug] [2026-02-26T14:24:24.501Z] <<< [apiv2][status] POST https://cloudresourcemanager.googleapis.com/v1/projects/happinich:testIamPermissions 200
[debug] [2026-02-26T14:24:24.501Z] <<< [apiv2][body] POST https://cloudresourcemanager.googleapis.com/v1/projects/happinich:testIamPermissions {}
[debug] [2026-02-26T14:24:24.501Z] [iam] error while checking permissions, command may fail: Authorization failed. This account is missing the following required permissions on project happinich:

  firebase.projects.get
  firebasehosting.sites.update
[debug] [2026-02-26T14:24:24.503Z] No OAuth tokens found
[debug] [2026-02-26T14:24:24.503Z] No OAuth tokens found
[debug] [2026-02-26T14:24:24.504Z] > command requires scopes: ["email","openid","https://www.googleapis.com/auth/cloudplatformprojects.readonly","https://www.googleapis.com/auth/firebase","https://www.googleapis.com/auth/cloud-platform","https://www.googleapis.com/auth/userinfo.email"]
[debug] [2026-02-26T14:24:24.504Z] > authorizing via signed-in user (wellga88@gmail.com)
[debug] [2026-02-26T14:24:24.505Z] >>> [apiv2][query] GET https://firebase.googleapis.com/v1beta1/projects/happinich [none]
[debug] [2026-02-26T14:24:24.984Z] <<< [apiv2][status] GET https://firebase.googleapis.com/v1beta1/projects/happinich 403
[debug] [2026-02-26T14:24:24.985Z] <<< [apiv2][body] GET https://firebase.googleapis.com/v1beta1/projects/happinich {"error":{"code":403,"message":"The caller does not have permission","status":"PERMISSION_DENIED"}}
[debug] [2026-02-26T14:24:24.987Z] Request to https://firebase.googleapis.com/v1beta1/projects/happinich had HTTP Error: 403, The caller does not have permission
[debug] [2026-02-26T14:24:24.988Z] FirebaseError: Request to https://firebase.googleapis.com/v1beta1/projects/happinich had HTTP Error: 403, The caller does not have permission
    at responseToError (/nix/store/gm9mcvzb17vv8cla08khrg29vxn3sq4r-firebase-tools-15.1.0/lib/node_modules/firebase-tools/lib/responseToError.js:53:12)
    at RetryOperation._fn (/nix/store/gm9mcvzb17vv8cla08khrg29vxn3sq4r-firebase-tools-15.1.0/lib/node_modules/firebase-tools/lib/apiv2.js:322:77)
    at process.processTicksAndRejections (node:internal/process/task_queues:95:5)
[error] 
[error] Error: Failed to get Firebase project happinich. Please make sure the project exists and your account has permission to access it.
